[debug] [2020-08-01T02:29:48.915Z] ----------------------------------------------------------------------
[debug] [2020-08-01T02:29:48.921Z] Command:       C:\Program Files\nodejs\node.exe C:\Users\HP\AppData\Roaming\npm\node_modules\firebase-tools\lib\bin\firebase.js login
[debug] [2020-08-01T02:29:48.921Z] CLI Version:   8.6.0
[debug] [2020-08-01T02:29:48.922Z] Platform:      win32
[debug] [2020-08-01T02:29:48.922Z] Node Version:  v12.14.1
[debug] [2020-08-01T02:29:48.925Z] Time:          Sat Aug 01 2020 07:59:48 GMT+0530 (India Standard Time)
[debug] [2020-08-01T02:29:48.925Z] ----------------------------------------------------------------------
[debug] [2020-08-01T02:29:48.926Z] 
[info] i  Firebase optionally collects CLI usage and error reporting information to help improve our products. Data is collected in accordance with Google's privacy policy (https://policies.google.com/privacy) and is not used to identify you.
 
[info] i  To change your data collection preference at any time, run `firebase logout` and log in again. 
[info] 
[info] Visit this URL on this device to log in:
[info] https://accounts.google.com/o/oauth2/auth?client_id=563584335869-fgrhgmd47bqnekij5i8b5pr03ho849e6.apps.googleusercontent.com&scope=email%20openid%20https%3A%2F%2Fwww.googleapis.com%2Fauth%2Fcloudplatformprojects.readonly%20https%3A%2F%2Fwww.googleapis.com%2Fauth%2Ffirebase%20https%3A%2F%2Fwww.googleapis.com%2Fauth%2Fcloud-platform&response_type=code&state=830705332&redirect_uri=http%3A%2F%2Flocalhost%3A9005
[info] 
[info] Waiting for authentication...
[debug] [2020-08-01T02:30:02.107Z] Error: spawn cmd ENOENT
    at Process.ChildProcess._handle.onexit (internal/child_process.js:264:19)
    at onErrorNT (internal/child_process.js:456:16)
    at processTicksAndRejections (internal/process/task_queues.js:81:21)
[error] 
[error] Error: An unexpected error has occurred.
